Analysis & Synthesis report for task5
Tue Sep 26 17:36:50 2023
Quartus Prime Version 18.1.0 Build 625 09/12/2018 SJ Lite Edition


---------------------
; Table of Contents ;
---------------------
  1. Legal Notice
  2. Analysis & Synthesis Summary
  3. Analysis & Synthesis Settings
  4. Parallel Compilation
  5. Analysis & Synthesis Source Files Read
  6. Analysis & Synthesis Resource Usage Summary
  7. Analysis & Synthesis Resource Utilization by Entity
  8. State Machine - |task5|statemachine:sm|state
  9. Registers Removed During Synthesis
 10. Removed Registers Triggering Further Register Optimizations
 11. General Register Statistics
 12. Multiplexer Restructuring Statistics (Restructuring Performed)
 13. Parameter Settings for Inferred Entity Instance: datapath:dp|scorehand:ps|lpm_divide:Mod0
 14. Parameter Settings for Inferred Entity Instance: datapath:dp|scorehand:ds|lpm_divide:Mod0
 15. Post-Synthesis Netlist Statistics for Top Partition
 16. Elapsed Time Per Partition
 17. Analysis & Synthesis Messages
 18. Analysis & Synthesis Suppressed Messages



----------------
; Legal Notice ;
----------------
Copyright (C) 2018  Intel Corporation. All rights reserved.
Your use of Intel Corporation's design tools, logic functions 
and other software and tools, and its AMPP partner logic 
functions, and any output files from any of the foregoing 
(including device programming or simulation files), and any 
associated documentation or information are expressly subject 
to the terms and conditions of the Intel Program License 
Subscription Agreement, the Intel Quartus Prime License Agreement,
the Intel FPGA IP License Agreement, or other applicable license
agreement, including, without limitation, that your use is for
the sole purpose of programming logic devices manufactured by
Intel and sold by Intel or its authorized distributors.  Please
refer to the applicable agreement for further details.



+-------------------------------------------------------------------------------+
; Analysis & Synthesis Summary                                                  ;
+---------------------------------+---------------------------------------------+
; Analysis & Synthesis Status     ; Successful - Tue Sep 26 17:36:50 2023       ;
; Quartus Prime Version           ; 18.1.0 Build 625 09/12/2018 SJ Lite Edition ;
; Revision Name                   ; task5                                       ;
; Top-level Entity Name           ; task5                                       ;
; Family                          ; Cyclone V                                   ;
; Logic utilization (in ALMs)     ; N/A                                         ;
; Total registers                 ; 37                                          ;
; Total pins                      ; 57                                          ;
; Total virtual pins              ; 0                                           ;
; Total block memory bits         ; 0                                           ;
; Total DSP Blocks                ; 0                                           ;
; Total HSSI RX PCSs              ; 0                                           ;
; Total HSSI PMA RX Deserializers ; 0                                           ;
; Total HSSI TX PCSs              ; 0                                           ;
; Total HSSI PMA TX Serializers   ; 0                                           ;
; Total PLLs                      ; 0                                           ;
; Total DLLs                      ; 0                                           ;
+---------------------------------+---------------------------------------------+


+---------------------------------------------------------------------------------------------------------------------------+
; Analysis & Synthesis Settings                                                                                             ;
+---------------------------------------------------------------------------------+--------------------+--------------------+
; Option                                                                          ; Setting            ; Default Value      ;
+---------------------------------------------------------------------------------+--------------------+--------------------+
; Device                                                                          ; 5CSEMA5F31C6       ;                    ;
; Top-level entity name                                                           ; task5              ; task5              ;
; Family name                                                                     ; Cyclone V          ; Cyclone V          ;
; Use smart compilation                                                           ; Off                ; Off                ;
; Enable parallel Assembler and Timing Analyzer during compilation                ; On                 ; On                 ;
; Enable compact report table                                                     ; Off                ; Off                ;
; Restructure Multiplexers                                                        ; Auto               ; Auto               ;
; MLAB Add Timing Constraints For Mixed-Port Feed-Through Mode Setting Don't Care ; Off                ; Off                ;
; Create Debugging Nodes for IP Cores                                             ; Off                ; Off                ;
; Preserve fewer node names                                                       ; On                 ; On                 ;
; Intel FPGA IP Evaluation Mode                                                   ; Enable             ; Enable             ;
; Verilog Version                                                                 ; Verilog_2001       ; Verilog_2001       ;
; VHDL Version                                                                    ; VHDL_1993          ; VHDL_1993          ;
; State Machine Processing                                                        ; Auto               ; Auto               ;
; Safe State Machine                                                              ; Off                ; Off                ;
; Extract Verilog State Machines                                                  ; On                 ; On                 ;
; Extract VHDL State Machines                                                     ; On                 ; On                 ;
; Ignore Verilog initial constructs                                               ; Off                ; Off                ;
; Iteration limit for constant Verilog loops                                      ; 5000               ; 5000               ;
; Iteration limit for non-constant Verilog loops                                  ; 250                ; 250                ;
; Add Pass-Through Logic to Inferred RAMs                                         ; On                 ; On                 ;
; Infer RAMs from Raw Logic                                                       ; On                 ; On                 ;
; Parallel Synthesis                                                              ; On                 ; On                 ;
; DSP Block Balancing                                                             ; Auto               ; Auto               ;
; NOT Gate Push-Back                                                              ; On                 ; On                 ;
; Power-Up Don't Care                                                             ; On                 ; On                 ;
; Remove Redundant Logic Cells                                                    ; Off                ; Off                ;
; Remove Duplicate Registers                                                      ; On                 ; On                 ;
; Ignore CARRY Buffers                                                            ; Off                ; Off                ;
; Ignore CASCADE Buffers                                                          ; Off                ; Off                ;
; Ignore GLOBAL Buffers                                                           ; Off                ; Off                ;
; Ignore ROW GLOBAL Buffers                                                       ; Off                ; Off                ;
; Ignore LCELL Buffers                                                            ; Off                ; Off                ;
; Ignore SOFT Buffers                                                             ; On                 ; On                 ;
; Limit AHDL Integers to 32 Bits                                                  ; Off                ; Off                ;
; Optimization Technique                                                          ; Balanced           ; Balanced           ;
; Carry Chain Length                                                              ; 70                 ; 70                 ;
; Auto Carry Chains                                                               ; On                 ; On                 ;
; Auto Open-Drain Pins                                                            ; On                 ; On                 ;
; Perform WYSIWYG Primitive Resynthesis                                           ; Off                ; Off                ;
; Auto ROM Replacement                                                            ; On                 ; On                 ;
; Auto RAM Replacement                                                            ; On                 ; On                 ;
; Auto DSP Block Replacement                                                      ; On                 ; On                 ;
; Auto Shift Register Replacement                                                 ; Auto               ; Auto               ;
; Allow Shift Register Merging across Hierarchies                                 ; Auto               ; Auto               ;
; Auto Clock Enable Replacement                                                   ; On                 ; On                 ;
; Strict RAM Replacement                                                          ; Off                ; Off                ;
; Allow Synchronous Control Signals                                               ; On                 ; On                 ;
; Force Use of Synchronous Clear Signals                                          ; Off                ; Off                ;
; Auto Resource Sharing                                                           ; Off                ; Off                ;
; Allow Any RAM Size For Recognition                                              ; Off                ; Off                ;
; Allow Any ROM Size For Recognition                                              ; Off                ; Off                ;
; Allow Any Shift Register Size For Recognition                                   ; Off                ; Off                ;
; Use LogicLock Constraints during Resource Balancing                             ; On                 ; On                 ;
; Ignore translate_off and synthesis_off directives                               ; Off                ; Off                ;
; Timing-Driven Synthesis                                                         ; On                 ; On                 ;
; Report Parameter Settings                                                       ; On                 ; On                 ;
; Report Source Assignments                                                       ; On                 ; On                 ;
; Report Connectivity Checks                                                      ; On                 ; On                 ;
; Ignore Maximum Fan-Out Assignments                                              ; Off                ; Off                ;
; Synchronization Register Chain Length                                           ; 3                  ; 3                  ;
; Power Optimization During Synthesis                                             ; Normal compilation ; Normal compilation ;
; HDL message level                                                               ; Level2             ; Level2             ;
; Suppress Register Optimization Related Messages                                 ; Off                ; Off                ;
; Number of Removed Registers Reported in Synthesis Report                        ; 5000               ; 5000               ;
; Number of Swept Nodes Reported in Synthesis Report                              ; 5000               ; 5000               ;
; Number of Inverted Registers Reported in Synthesis Report                       ; 100                ; 100                ;
; Clock MUX Protection                                                            ; On                 ; On                 ;
; Auto Gated Clock Conversion                                                     ; Off                ; Off                ;
; Block Design Naming                                                             ; Auto               ; Auto               ;
; SDC constraint protection                                                       ; Off                ; Off                ;
; Synthesis Effort                                                                ; Auto               ; Auto               ;
; Shift Register Replacement - Allow Asynchronous Clear Signal                    ; On                 ; On                 ;
; Pre-Mapping Resynthesis Optimization                                            ; Off                ; Off                ;
; Analysis & Synthesis Message Level                                              ; Medium             ; Medium             ;
; Disable Register Merging Across Hierarchies                                     ; Auto               ; Auto               ;
; Resource Aware Inference For Block RAM                                          ; On                 ; On                 ;
; Automatic Parallel Synthesis                                                    ; On                 ; On                 ;
; Partial Reconfiguration Bitstream ID                                            ; Off                ; Off                ;
+---------------------------------------------------------------------------------+--------------------+--------------------+


+------------------------------------------+
; Parallel Compilation                     ;
+----------------------------+-------------+
; Processors                 ; Number      ;
+----------------------------+-------------+
; Number detected on machine ; 16          ;
; Maximum allowed            ; 16          ;
;                            ;             ;
; Average used               ; 1.00        ;
; Maximum used               ; 16          ;
;                            ;             ;
; Usage by Processor         ; % Time Used ;
;     Processor 1            ; 100.0%      ;
;     Processors 2-16        ;   0.0%      ;
+----------------------------+-------------+


+--------------------------------------------------------------------------------------------------------------------------------------------------------------------------+
; Analysis & Synthesis Source Files Read                                                                                                                                   ;
+----------------------------------+-----------------+------------------------------+----------------------------------------------------------------------------+---------+
; File Name with User-Entered Path ; Used in Netlist ; File Type                    ; File Name with Absolute Path                                               ; Library ;
+----------------------------------+-----------------+------------------------------+----------------------------------------------------------------------------+---------+
; task5/scorehand.sv               ; yes             ; User SystemVerilog HDL File  ; C:/School/CPEN 311/Lab-1/Lab-1/task5/scorehand.sv                          ;         ;
; task5/task5.sv                   ; yes             ; User SystemVerilog HDL File  ; C:/School/CPEN 311/Lab-1/Lab-1/task5/task5.sv                              ;         ;
; task5/statemachine.sv            ; yes             ; User SystemVerilog HDL File  ; C:/School/CPEN 311/Lab-1/Lab-1/task5/statemachine.sv                       ;         ;
; task5/reg4.sv                    ; yes             ; User SystemVerilog HDL File  ; C:/School/CPEN 311/Lab-1/Lab-1/task5/reg4.sv                               ;         ;
; task5/dealcard.sv                ; yes             ; User SystemVerilog HDL File  ; C:/School/CPEN 311/Lab-1/Lab-1/task5/dealcard.sv                           ;         ;
; task5/datapath.sv                ; yes             ; User SystemVerilog HDL File  ; C:/School/CPEN 311/Lab-1/Lab-1/task5/datapath.sv                           ;         ;
; task5/card7seg.sv                ; yes             ; User SystemVerilog HDL File  ; C:/School/CPEN 311/Lab-1/Lab-1/task5/card7seg.sv                           ;         ;
; lpm_divide.tdf                   ; yes             ; Megafunction                 ; c:/intelfpga_lite/18.1/quartus/libraries/megafunctions/lpm_divide.tdf      ;         ;
; abs_divider.inc                  ; yes             ; Megafunction                 ; c:/intelfpga_lite/18.1/quartus/libraries/megafunctions/abs_divider.inc     ;         ;
; sign_div_unsign.inc              ; yes             ; Megafunction                 ; c:/intelfpga_lite/18.1/quartus/libraries/megafunctions/sign_div_unsign.inc ;         ;
; aglobal181.inc                   ; yes             ; Megafunction                 ; c:/intelfpga_lite/18.1/quartus/libraries/megafunctions/aglobal181.inc      ;         ;
; db/lpm_divide_42m.tdf            ; yes             ; Auto-Generated Megafunction  ; C:/School/CPEN 311/Lab-1/Lab-1/db/lpm_divide_42m.tdf                       ;         ;
; db/sign_div_unsign_7kh.tdf       ; yes             ; Auto-Generated Megafunction  ; C:/School/CPEN 311/Lab-1/Lab-1/db/sign_div_unsign_7kh.tdf                  ;         ;
; db/alt_u_div_kse.tdf             ; yes             ; Auto-Generated Megafunction  ; C:/School/CPEN 311/Lab-1/Lab-1/db/alt_u_div_kse.tdf                        ;         ;
+----------------------------------+-----------------+------------------------------+----------------------------------------------------------------------------+---------+


+------------------------------------------------------------+
; Analysis & Synthesis Resource Usage Summary                ;
+---------------------------------------------+--------------+
; Resource                                    ; Usage        ;
+---------------------------------------------+--------------+
; Estimate of Logic utilization (ALMs needed) ; 65           ;
;                                             ;              ;
; Combinational ALUT usage for logic          ; 118          ;
;     -- 7 input functions                    ; 0            ;
;     -- 6 input functions                    ; 4            ;
;     -- 5 input functions                    ; 9            ;
;     -- 4 input functions                    ; 58           ;
;     -- <=3 input functions                  ; 47           ;
;                                             ;              ;
; Dedicated logic registers                   ; 37           ;
;                                             ;              ;
; I/O pins                                    ; 57           ;
;                                             ;              ;
; Total DSP Blocks                            ; 0            ;
;                                             ;              ;
; Maximum fan-out node                        ; KEY[3]~input ;
; Maximum fan-out                             ; 37           ;
; Total fan-out                               ; 659          ;
; Average fan-out                             ; 2.45         ;
+---------------------------------------------+--------------+


+------------------------------------------------------------------------------------------------------------------------------------------------------------------------------------------------------------------------------------------------------------------------------------------------------------------------------+
; Analysis & Synthesis Resource Utilization by Entity                                                                                                                                                                                                                                                                          ;
+----------------------------------------------+---------------------+---------------------------+-------------------+------------+------+--------------+---------------------------------------------------------------------------------------------------------------------------------+---------------------+--------------+
; Compilation Hierarchy Node                   ; Combinational ALUTs ; Dedicated Logic Registers ; Block Memory Bits ; DSP Blocks ; Pins ; Virtual Pins ; Full Hierarchy Name                                                                                                             ; Entity Name         ; Library Name ;
+----------------------------------------------+---------------------+---------------------------+-------------------+------------+------+--------------+---------------------------------------------------------------------------------------------------------------------------------+---------------------+--------------+
; |task5                                       ; 118 (0)             ; 37 (0)                    ; 0                 ; 0          ; 57   ; 0            ; |task5                                                                                                                          ; task5               ; work         ;
;    |datapath:dp|                             ; 96 (0)              ; 28 (0)                    ; 0                 ; 0          ; 0    ; 0            ; |task5|datapath:dp                                                                                                              ; datapath            ; work         ;
;       |card7seg:sd1|                         ; 7 (7)               ; 0 (0)                     ; 0                 ; 0          ; 0    ; 0            ; |task5|datapath:dp|card7seg:sd1                                                                                                 ; card7seg            ; work         ;
;       |card7seg:sd2|                         ; 7 (7)               ; 0 (0)                     ; 0                 ; 0          ; 0    ; 0            ; |task5|datapath:dp|card7seg:sd2                                                                                                 ; card7seg            ; work         ;
;       |card7seg:sd3|                         ; 7 (7)               ; 0 (0)                     ; 0                 ; 0          ; 0    ; 0            ; |task5|datapath:dp|card7seg:sd3                                                                                                 ; card7seg            ; work         ;
;       |card7seg:sp1|                         ; 7 (7)               ; 0 (0)                     ; 0                 ; 0          ; 0    ; 0            ; |task5|datapath:dp|card7seg:sp1                                                                                                 ; card7seg            ; work         ;
;       |card7seg:sp2|                         ; 7 (7)               ; 0 (0)                     ; 0                 ; 0          ; 0    ; 0            ; |task5|datapath:dp|card7seg:sp2                                                                                                 ; card7seg            ; work         ;
;       |card7seg:sp3|                         ; 7 (7)               ; 0 (0)                     ; 0                 ; 0          ; 0    ; 0            ; |task5|datapath:dp|card7seg:sp3                                                                                                 ; card7seg            ; work         ;
;       |dealcard:card|                        ; 4 (4)               ; 4 (4)                     ; 0                 ; 0          ; 0    ; 0            ; |task5|datapath:dp|dealcard:card                                                                                                ; dealcard            ; work         ;
;       |reg4:d1|                              ; 0 (0)               ; 4 (4)                     ; 0                 ; 0          ; 0    ; 0            ; |task5|datapath:dp|reg4:d1                                                                                                      ; reg4                ; work         ;
;       |reg4:d2|                              ; 0 (0)               ; 4 (4)                     ; 0                 ; 0          ; 0    ; 0            ; |task5|datapath:dp|reg4:d2                                                                                                      ; reg4                ; work         ;
;       |reg4:d3|                              ; 0 (0)               ; 4 (4)                     ; 0                 ; 0          ; 0    ; 0            ; |task5|datapath:dp|reg4:d3                                                                                                      ; reg4                ; work         ;
;       |reg4:p1|                              ; 0 (0)               ; 4 (4)                     ; 0                 ; 0          ; 0    ; 0            ; |task5|datapath:dp|reg4:p1                                                                                                      ; reg4                ; work         ;
;       |reg4:p2|                              ; 0 (0)               ; 4 (4)                     ; 0                 ; 0          ; 0    ; 0            ; |task5|datapath:dp|reg4:p2                                                                                                      ; reg4                ; work         ;
;       |reg4:p3|                              ; 0 (0)               ; 4 (4)                     ; 0                 ; 0          ; 0    ; 0            ; |task5|datapath:dp|reg4:p3                                                                                                      ; reg4                ; work         ;
;       |scorehand:ds|                         ; 25 (16)             ; 0 (0)                     ; 0                 ; 0          ; 0    ; 0            ; |task5|datapath:dp|scorehand:ds                                                                                                 ; scorehand           ; work         ;
;          |lpm_divide:Mod0|                   ; 9 (0)               ; 0 (0)                     ; 0                 ; 0          ; 0    ; 0            ; |task5|datapath:dp|scorehand:ds|lpm_divide:Mod0                                                                                 ; lpm_divide          ; work         ;
;             |lpm_divide_42m:auto_generated|  ; 9 (0)               ; 0 (0)                     ; 0                 ; 0          ; 0    ; 0            ; |task5|datapath:dp|scorehand:ds|lpm_divide:Mod0|lpm_divide_42m:auto_generated                                                   ; lpm_divide_42m      ; work         ;
;                |sign_div_unsign_7kh:divider| ; 9 (0)               ; 0 (0)                     ; 0                 ; 0          ; 0    ; 0            ; |task5|datapath:dp|scorehand:ds|lpm_divide:Mod0|lpm_divide_42m:auto_generated|sign_div_unsign_7kh:divider                       ; sign_div_unsign_7kh ; work         ;
;                   |alt_u_div_kse:divider|    ; 9 (9)               ; 0 (0)                     ; 0                 ; 0          ; 0    ; 0            ; |task5|datapath:dp|scorehand:ds|lpm_divide:Mod0|lpm_divide_42m:auto_generated|sign_div_unsign_7kh:divider|alt_u_div_kse:divider ; alt_u_div_kse       ; work         ;
;       |scorehand:ps|                         ; 25 (16)             ; 0 (0)                     ; 0                 ; 0          ; 0    ; 0            ; |task5|datapath:dp|scorehand:ps                                                                                                 ; scorehand           ; work         ;
;          |lpm_divide:Mod0|                   ; 9 (0)               ; 0 (0)                     ; 0                 ; 0          ; 0    ; 0            ; |task5|datapath:dp|scorehand:ps|lpm_divide:Mod0                                                                                 ; lpm_divide          ; work         ;
;             |lpm_divide_42m:auto_generated|  ; 9 (0)               ; 0 (0)                     ; 0                 ; 0          ; 0    ; 0            ; |task5|datapath:dp|scorehand:ps|lpm_divide:Mod0|lpm_divide_42m:auto_generated                                                   ; lpm_divide_42m      ; work         ;
;                |sign_div_unsign_7kh:divider| ; 9 (0)               ; 0 (0)                     ; 0                 ; 0          ; 0    ; 0            ; |task5|datapath:dp|scorehand:ps|lpm_divide:Mod0|lpm_divide_42m:auto_generated|sign_div_unsign_7kh:divider                       ; sign_div_unsign_7kh ; work         ;
;                   |alt_u_div_kse:divider|    ; 9 (9)               ; 0 (0)                     ; 0                 ; 0          ; 0    ; 0            ; |task5|datapath:dp|scorehand:ps|lpm_divide:Mod0|lpm_divide_42m:auto_generated|sign_div_unsign_7kh:divider|alt_u_div_kse:divider ; alt_u_div_kse       ; work         ;
;    |statemachine:sm|                         ; 22 (22)             ; 9 (9)                     ; 0                 ; 0          ; 0    ; 0            ; |task5|statemachine:sm                                                                                                          ; statemachine        ; work         ;
+----------------------------------------------+---------------------+---------------------------+-------------------+------------+------+--------------+---------------------------------------------------------------------------------------------------------------------------------+---------------------+--------------+
Note: For table entries with two numbers listed, the numbers in parentheses indicate the number of resources of the given type used by the specific entity alone. The numbers listed outside of parentheses indicate the total resources of the given type used by the specific entity and all of its sub-entities in the hierarchy.


Encoding Type:  One-Hot
+--------------------------------------------------------------------------------------------------------------------------------+
; State Machine - |task5|statemachine:sm|state                                                                                   ;
+-------------+-------------+----------+----------+----------+-----------+-----------+----------+----------+----------+----------+
; Name        ; state.sleep ; state.S7 ; state.S6 ; state.S5 ; state.S4B ; state.S4A ; state.S3 ; state.S2 ; state.S1 ; state.S0 ;
+-------------+-------------+----------+----------+----------+-----------+-----------+----------+----------+----------+----------+
; state.S0    ; 0           ; 0        ; 0        ; 0        ; 0         ; 0         ; 0        ; 0        ; 0        ; 0        ;
; state.S1    ; 0           ; 0        ; 0        ; 0        ; 0         ; 0         ; 0        ; 0        ; 1        ; 1        ;
; state.S2    ; 0           ; 0        ; 0        ; 0        ; 0         ; 0         ; 0        ; 1        ; 0        ; 1        ;
; state.S3    ; 0           ; 0        ; 0        ; 0        ; 0         ; 0         ; 1        ; 0        ; 0        ; 1        ;
; state.S4A   ; 0           ; 0        ; 0        ; 0        ; 0         ; 1         ; 0        ; 0        ; 0        ; 1        ;
; state.S4B   ; 0           ; 0        ; 0        ; 0        ; 1         ; 0         ; 0        ; 0        ; 0        ; 1        ;
; state.S5    ; 0           ; 0        ; 0        ; 1        ; 0         ; 0         ; 0        ; 0        ; 0        ; 1        ;
; state.S6    ; 0           ; 0        ; 1        ; 0        ; 0         ; 0         ; 0        ; 0        ; 0        ; 1        ;
; state.S7    ; 0           ; 1        ; 0        ; 0        ; 0         ; 0         ; 0        ; 0        ; 0        ; 1        ;
; state.sleep ; 1           ; 0        ; 0        ; 0        ; 0         ; 0         ; 0        ; 0        ; 0        ; 1        ;
+-------------+-------------+----------+----------+----------+-----------+-----------+----------+----------+----------+----------+


+------------------------------------------------------------+
; Registers Removed During Synthesis                         ;
+---------------------------------------+--------------------+
; Register name                         ; Reason for Removal ;
+---------------------------------------+--------------------+
; statemachine:sm|state~4               ; Lost fanout        ;
; statemachine:sm|state~5               ; Lost fanout        ;
; statemachine:sm|state~6               ; Lost fanout        ;
; statemachine:sm|state~7               ; Lost fanout        ;
; statemachine:sm|state~8               ; Lost fanout        ;
; statemachine:sm|state.sleep           ; Lost fanout        ;
; Total Number of Removed Registers = 6 ;                    ;
+---------------------------------------+--------------------+


+---------------------------------------------------------------------------------------+
; Removed Registers Triggering Further Register Optimizations                           ;
+-------------------------+--------------------+----------------------------------------+
; Register name           ; Reason for Removal ; Registers Removed due to This Register ;
+-------------------------+--------------------+----------------------------------------+
; statemachine:sm|state~4 ; Lost Fanouts       ; statemachine:sm|state.sleep            ;
+-------------------------+--------------------+----------------------------------------+


+------------------------------------------------------+
; General Register Statistics                          ;
+----------------------------------------------+-------+
; Statistic                                    ; Value ;
+----------------------------------------------+-------+
; Total registers                              ; 37    ;
; Number of registers using Synchronous Clear  ; 0     ;
; Number of registers using Synchronous Load   ; 1     ;
; Number of registers using Asynchronous Clear ; 33    ;
; Number of registers using Asynchronous Load  ; 0     ;
; Number of registers using Clock Enable       ; 24    ;
; Number of registers using Preset             ; 0     ;
+----------------------------------------------+-------+


+---------------------------------------------------------------------------------------------------------------------------------------------------------------+
; Multiplexer Restructuring Statistics (Restructuring Performed)                                                                                                ;
+--------------------+-----------+---------------+----------------------+------------------------+------------+-------------------------------------------------+
; Multiplexer Inputs ; Bus Width ; Baseline Area ; Area if Restructured ; Saving if Restructured ; Registered ; Example Multiplexer Output                      ;
+--------------------+-----------+---------------+----------------------+------------------------+------------+-------------------------------------------------+
; 3:1                ; 3 bits    ; 6 LEs         ; 6 LEs                ; 0 LEs                  ; Yes        ; |task5|datapath:dp|dealcard:card|dealer_card[3] ;
+--------------------+-----------+---------------+----------------------+------------------------+------------+-------------------------------------------------+


+-------------------------------------------------------------------------------------------+
; Parameter Settings for Inferred Entity Instance: datapath:dp|scorehand:ps|lpm_divide:Mod0 ;
+------------------------+----------------+-------------------------------------------------+
; Parameter Name         ; Value          ; Type                                            ;
+------------------------+----------------+-------------------------------------------------+
; LPM_WIDTHN             ; 4              ; Untyped                                         ;
; LPM_WIDTHD             ; 4              ; Untyped                                         ;
; LPM_NREPRESENTATION    ; UNSIGNED       ; Untyped                                         ;
; LPM_DREPRESENTATION    ; UNSIGNED       ; Untyped                                         ;
; LPM_PIPELINE           ; 0              ; Untyped                                         ;
; LPM_REMAINDERPOSITIVE  ; TRUE           ; Untyped                                         ;
; MAXIMIZE_SPEED         ; 5              ; Untyped                                         ;
; CBXI_PARAMETER         ; lpm_divide_42m ; Untyped                                         ;
; CARRY_CHAIN            ; MANUAL         ; Untyped                                         ;
; OPTIMIZE_FOR_SPEED     ; 5              ; Untyped                                         ;
; AUTO_CARRY_CHAINS      ; ON             ; AUTO_CARRY                                      ;
; IGNORE_CARRY_BUFFERS   ; OFF            ; IGNORE_CARRY                                    ;
; AUTO_CASCADE_CHAINS    ; ON             ; AUTO_CASCADE                                    ;
; IGNORE_CASCADE_BUFFERS ; OFF            ; IGNORE_CASCADE                                  ;
+------------------------+----------------+-------------------------------------------------+
Note: In order to hide this table in the UI and the text report file, please set the "Show Parameter Settings in Synthesis Report" option in "Analysis and Synthesis Settings -> More Settings" to "Off".


+-------------------------------------------------------------------------------------------+
; Parameter Settings for Inferred Entity Instance: datapath:dp|scorehand:ds|lpm_divide:Mod0 ;
+------------------------+----------------+-------------------------------------------------+
; Parameter Name         ; Value          ; Type                                            ;
+------------------------+----------------+-------------------------------------------------+
; LPM_WIDTHN             ; 4              ; Untyped                                         ;
; LPM_WIDTHD             ; 4              ; Untyped                                         ;
; LPM_NREPRESENTATION    ; UNSIGNED       ; Untyped                                         ;
; LPM_DREPRESENTATION    ; UNSIGNED       ; Untyped                                         ;
; LPM_PIPELINE           ; 0              ; Untyped                                         ;
; LPM_REMAINDERPOSITIVE  ; TRUE           ; Untyped                                         ;
; MAXIMIZE_SPEED         ; 5              ; Untyped                                         ;
; CBXI_PARAMETER         ; lpm_divide_42m ; Untyped                                         ;
; CARRY_CHAIN            ; MANUAL         ; Untyped                                         ;
; OPTIMIZE_FOR_SPEED     ; 5              ; Untyped                                         ;
; AUTO_CARRY_CHAINS      ; ON             ; AUTO_CARRY                                      ;
; IGNORE_CARRY_BUFFERS   ; OFF            ; IGNORE_CARRY                                    ;
; AUTO_CASCADE_CHAINS    ; ON             ; AUTO_CASCADE                                    ;
; IGNORE_CASCADE_BUFFERS ; OFF            ; IGNORE_CASCADE                                  ;
+------------------------+----------------+-------------------------------------------------+
Note: In order to hide this table in the UI and the text report file, please set the "Show Parameter Settings in Synthesis Report" option in "Analysis and Synthesis Settings -> More Settings" to "Off".


+-----------------------------------------------------+
; Post-Synthesis Netlist Statistics for Top Partition ;
+-----------------------+-----------------------------+
; Type                  ; Count                       ;
+-----------------------+-----------------------------+
; arriav_ff             ; 37                          ;
;     CLR               ; 9                           ;
;     ENA CLR           ; 24                          ;
;     SLD               ; 1                           ;
;     plain             ; 3                           ;
; arriav_lcell_comb     ; 161                         ;
;     normal            ; 143                         ;
;         1 data inputs ; 44                          ;
;         2 data inputs ; 13                          ;
;         3 data inputs ; 15                          ;
;         4 data inputs ; 58                          ;
;         5 data inputs ; 9                           ;
;         6 data inputs ; 4                           ;
;     shared            ; 18                          ;
;         0 data inputs ; 2                           ;
;         1 data inputs ; 8                           ;
;         3 data inputs ; 8                           ;
; boundary_port         ; 57                          ;
;                       ;                             ;
; Max LUT depth         ; 7.40                        ;
; Average LUT depth     ; 4.64                        ;
+-----------------------+-----------------------------+


+-------------------------------+
; Elapsed Time Per Partition    ;
+----------------+--------------+
; Partition Name ; Elapsed Time ;
+----------------+--------------+
; Top            ; 00:00:01     ;
+----------------+--------------+


+-------------------------------+
; Analysis & Synthesis Messages ;
+-------------------------------+
Info: *******************************************************************
Info: Running Quartus Prime Analysis & Synthesis
    Info: Version 18.1.0 Build 625 09/12/2018 SJ Lite Edition
    Info: Processing started: Tue Sep 26 17:36:33 2023
Info: Command: quartus_map --read_settings_files=on --write_settings_files=off task5 -c task5
Warning (18236): Number of processors has not been specified which may cause overloading on shared machines.  Set the global assignment NUM_PARALLEL_PROCESSORS in your QSF to an appropriate value for best performance.
Info (20030): Parallel compilation is enabled and will use 16 of the 16 processors detected
Info (12021): Found 1 design units, including 1 entities, in source file task5/scorehand.sv
    Info (12023): Found entity 1: scorehand File: C:/School/CPEN 311/Lab-1/Lab-1/task5/scorehand.sv Line: 1
Info (12021): Found 1 design units, including 1 entities, in source file task5/task5.sv
    Info (12023): Found entity 1: task5 File: C:/School/CPEN 311/Lab-1/Lab-1/task5/task5.sv Line: 5
Info (12021): Found 1 design units, including 1 entities, in source file task5/statemachine.sv
    Info (12023): Found entity 1: statemachine File: C:/School/CPEN 311/Lab-1/Lab-1/task5/statemachine.sv Line: 1
Info (12021): Found 1 design units, including 1 entities, in source file task5/reg4.sv
    Info (12023): Found entity 1: reg4 File: C:/School/CPEN 311/Lab-1/Lab-1/task5/reg4.sv Line: 1
Info (12021): Found 1 design units, including 1 entities, in source file task5/dealcard.sv
    Info (12023): Found entity 1: dealcard File: C:/School/CPEN 311/Lab-1/Lab-1/task5/dealcard.sv Line: 4
Info (12021): Found 1 design units, including 1 entities, in source file task5/datapath.sv
    Info (12023): Found entity 1: datapath File: C:/School/CPEN 311/Lab-1/Lab-1/task5/datapath.sv Line: 1
Info (12021): Found 1 design units, including 1 entities, in source file task5/card7seg.sv
    Info (12023): Found entity 1: card7seg File: C:/School/CPEN 311/Lab-1/Lab-1/task5/card7seg.sv Line: 1
Info (12127): Elaborating entity "task5" for the top level hierarchy
Info (12128): Elaborating entity "datapath" for hierarchy "datapath:dp" File: C:/School/CPEN 311/Lab-1/Lab-1/task5/task5.sv Line: 40
Info (12128): Elaborating entity "reg4" for hierarchy "datapath:dp|reg4:p1" File: C:/School/CPEN 311/Lab-1/Lab-1/task5/datapath.sv Line: 27
Info (12128): Elaborating entity "card7seg" for hierarchy "datapath:dp|card7seg:sp1" File: C:/School/CPEN 311/Lab-1/Lab-1/task5/datapath.sv Line: 73
Info (12128): Elaborating entity "scorehand" for hierarchy "datapath:dp|scorehand:ps" File: C:/School/CPEN 311/Lab-1/Lab-1/task5/datapath.sv Line: 106
Info (12128): Elaborating entity "dealcard" for hierarchy "datapath:dp|dealcard:card" File: C:/School/CPEN 311/Lab-1/Lab-1/task5/datapath.sv Line: 122
Info (12128): Elaborating entity "statemachine" for hierarchy "statemachine:sm" File: C:/School/CPEN 311/Lab-1/Lab-1/task5/task5.sv Line: 59
Info (278001): Inferred 2 megafunctions from design logic
    Info (278004): Inferred divider/modulo megafunction ("lpm_divide") from the following logic: "datapath:dp|scorehand:ps|Mod0" File: C:/School/CPEN 311/Lab-1/Lab-1/task5/scorehand.sv Line: 7
    Info (278004): Inferred divider/modulo megafunction ("lpm_divide") from the following logic: "datapath:dp|scorehand:ds|Mod0" File: C:/School/CPEN 311/Lab-1/Lab-1/task5/scorehand.sv Line: 7
Info (12130): Elaborated megafunction instantiation "datapath:dp|scorehand:ps|lpm_divide:Mod0" File: C:/School/CPEN 311/Lab-1/Lab-1/task5/scorehand.sv Line: 7
Info (12133): Instantiated megafunction "datapath:dp|scorehand:ps|lpm_divide:Mod0" with the following parameter: File: C:/School/CPEN 311/Lab-1/Lab-1/task5/scorehand.sv Line: 7
    Info (12134): Parameter "LPM_WIDTHN" = "4"
    Info (12134): Parameter "LPM_WIDTHD" = "4"
    Info (12134): Parameter "LPM_NREPRESENTATION" = "UNSIGNED"
    Info (12134): Parameter "LPM_DREPRESENTATION" = "UNSIGNED"
Info (12021): Found 1 design units, including 1 entities, in source file db/lpm_divide_42m.tdf
    Info (12023): Found entity 1: lpm_divide_42m File: C:/School/CPEN 311/Lab-1/Lab-1/db/lpm_divide_42m.tdf Line: 24
Info (12021): Found 1 design units, including 1 entities, in source file db/sign_div_unsign_7kh.tdf
    Info (12023): Found entity 1: sign_div_unsign_7kh File: C:/School/CPEN 311/Lab-1/Lab-1/db/sign_div_unsign_7kh.tdf Line: 24
Info (12021): Found 1 design units, including 1 entities, in source file db/alt_u_div_kse.tdf
    Info (12023): Found entity 1: alt_u_div_kse File: C:/School/CPEN 311/Lab-1/Lab-1/db/alt_u_div_kse.tdf Line: 22
Info (286030): Timing-Driven Synthesis is running
Info (17049): 6 registers lost all their fanouts during netlist optimizations.
Info (144001): Generated suppressed messages file C:/School/CPEN 311/Lab-1/Lab-1/output_files/task5.map.smsg
Info (16010): Generating hard_block partition "hard_block:auto_generated_inst"
    Info (16011): Adding 0 node(s), including 0 DDIO, 0 PLL, 0 transceiver and 0 LCELL
Warning (21074): Design contains 2 input pin(s) that do not drive logic
    Warning (15610): No output dependent on input pin "KEY[1]" File: C:/School/CPEN 311/Lab-1/Lab-1/task5/task5.sv Line: 5
    Warning (15610): No output dependent on input pin "KEY[2]" File: C:/School/CPEN 311/Lab-1/Lab-1/task5/task5.sv Line: 5
Info (21057): Implemented 203 device resources after synthesis - the final resource count might be different
    Info (21058): Implemented 5 input pins
    Info (21059): Implemented 52 output pins
    Info (21061): Implemented 146 logic cells
Info: Quartus Prime Analysis & Synthesis was successful. 0 errors, 4 warnings
    Info: Peak virtual memory: 4913 megabytes
    Info: Processing ended: Tue Sep 26 17:36:50 2023
    Info: Elapsed time: 00:00:17
    Info: Total CPU time (on all processors): 00:00:17


+------------------------------------------+
; Analysis & Synthesis Suppressed Messages ;
+------------------------------------------+
The suppressed messages can be found in C:/School/CPEN 311/Lab-1/Lab-1/output_files/task5.map.smsg.


